2024-10-29 22:18:53 - INFO - [31m[1mWARNING: This is a development server. Do not use it in a production deployment. Use a production WSGI server instead.[0m
 * Running on all addresses (0.0.0.0)
 * Running on http://127.0.0.1:5000
 * Running on http://192.168.238.47:5000
2024-10-29 22:18:53 - INFO - [33mPress CTRL+C to quit[0m
2024-10-29 22:19:06 - INFO - 127.0.0.1 - - [29/Oct/2024 22:19:06] "GET / HTTP/1.1" 200 -
2024-10-29 22:19:08 - INFO - 127.0.0.1 - - [29/Oct/2024 22:19:08] "GET / HTTP/1.1" 200 -
2024-10-29 22:19:09 - INFO - 127.0.0.1 - - [29/Oct/2024 22:19:09] "[33mGET /favicon.ico HTTP/1.1[0m" 404 -
2024-10-29 22:23:51 - INFO - 127.0.0.1 - - [29/Oct/2024 22:23:51] "POST /api-access HTTP/1.1" 200 -
2024-10-29 22:23:56 - INFO - Calling api ...
2024-10-29 22:23:56 - INFO - TextGenerator successfull with aip = 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 and model = dd ..
2024-10-29 22:23:57 - INFO - Client created sucessfully...
2024-10-29 22:23:57 - INFO - create_client successfull ..
2024-10-29 22:23:59 - INFO - HTTP Request: POST https://integrate.api.nvidia.com/v1/chat/completions "HTTP/1.1 200 OK"
2024-10-29 22:23:59 - INFO - Built completion sucessfully...
2024-10-29 22:23:59 - INFO - build_completion successfull ..
2024-10-29 22:23:59 - INFO - Trying to parse chunks...
2024-10-29 22:23:59 - INFO - Chunks parsed sucessfully...
2024-10-29 22:23:59 - INFO - Chunks parsed sucessfully...
2024-10-29 22:23:59 - INFO - Parsed for Hello ...
2024-10-29 22:23:59 - INFO - Chunks parsed sucessfully...
2024-10-29 22:23:59 - INFO - Parsed for ! ...
2024-10-29 22:23:59 - INFO - Chunks parsed sucessfully...
2024-10-29 22:23:59 - INFO - Parsed for  I ...
2024-10-29 22:23:59 - INFO - Chunks parsed sucessfully...
2024-10-29 22:23:59 - INFO - Parsed for ' ...
2024-10-29 22:23:59 - INFO - Chunks parsed sucessfully...
2024-10-29 22:23:59 - INFO - Parsed for m ...
2024-10-29 22:23:59 - INFO - Chunks parsed sucessfully...
2024-10-29 22:23:59 - INFO - Parsed for  Ph ...
2024-10-29 22:23:59 - INFO - Chunks parsed sucessfully...
2024-10-29 22:23:59 - INFO - Parsed for i ...
2024-10-29 22:23:59 - INFO - Chunks parsed sucessfully...
2024-10-29 22:23:59 - INFO - Parsed for , ...
2024-10-29 22:23:59 - INFO - Chunks parsed sucessfully...
2024-10-29 22:23:59 - INFO - Parsed for  an ...
2024-10-29 22:23:59 - INFO - Chunks parsed sucessfully...
2024-10-29 22:23:59 - INFO - Parsed for  A ...
2024-10-29 22:23:59 - INFO - Chunks parsed sucessfully...
2024-10-29 22:23:59 - INFO - Parsed for I ...
2024-10-29 22:23:59 - INFO - Chunks parsed sucessfully...
2024-10-29 22:23:59 - INFO - Parsed for  language ...
2024-10-29 22:23:59 - INFO - Chunks parsed sucessfully...
2024-10-29 22:23:59 - INFO - Parsed for  model ...
2024-10-29 22:23:59 - INFO - Chunks parsed sucessfully...
2024-10-29 22:23:59 - INFO - Parsed for . ...
2024-10-29 22:23:59 - INFO - Chunks parsed sucessfully...
2024-10-29 22:23:59 - INFO - Parsed for  I ...
2024-10-29 22:23:59 - INFO - Chunks parsed sucessfully...
2024-10-29 22:23:59 - INFO - Parsed for  don ...
2024-10-29 22:23:59 - INFO - Chunks parsed sucessfully...
2024-10-29 22:23:59 - INFO - Parsed for ' ...
2024-10-29 22:23:59 - INFO - Chunks parsed sucessfully...
2024-10-29 22:23:59 - INFO - Parsed for t ...
2024-10-29 22:23:59 - INFO - Chunks parsed sucessfully...
2024-10-29 22:23:59 - INFO - Parsed for  have ...
2024-10-29 22:23:59 - INFO - Chunks parsed sucessfully...
2024-10-29 22:23:59 - INFO - Parsed for  feelings ...
2024-10-29 22:23:59 - INFO - Chunks parsed sucessfully...
2024-10-29 22:23:59 - INFO - Parsed for , ...
2024-10-29 22:23:59 - INFO - Chunks parsed sucessfully...
2024-10-29 22:23:59 - INFO - Parsed for  but ...
2024-10-29 22:23:59 - INFO - Chunks parsed sucessfully...
2024-10-29 22:23:59 - INFO - Parsed for  I ...
2024-10-29 22:23:59 - INFO - Chunks parsed sucessfully...
2024-10-29 22:23:59 - INFO - Parsed for ' ...
2024-10-29 22:23:59 - INFO - Chunks parsed sucessfully...
2024-10-29 22:23:59 - INFO - Parsed for m ...
2024-10-29 22:23:59 - INFO - Chunks parsed sucessfully...
2024-10-29 22:23:59 - INFO - Parsed for  here ...
2024-10-29 22:23:59 - INFO - Chunks parsed sucessfully...
2024-10-29 22:23:59 - INFO - Parsed for  and ...
2024-10-29 22:23:59 - INFO - Chunks parsed sucessfully...
2024-10-29 22:23:59 - INFO - Parsed for  ready ...
2024-10-29 22:23:59 - INFO - Chunks parsed sucessfully...
2024-10-29 22:23:59 - INFO - Parsed for  to ...
2024-10-29 22:23:59 - INFO - Chunks parsed sucessfully...
2024-10-29 22:23:59 - INFO - Parsed for  help ...
2024-10-29 22:23:59 - INFO - Chunks parsed sucessfully...
2024-10-29 22:23:59 - INFO - Parsed for  you ...
2024-10-29 22:23:59 - INFO - Chunks parsed sucessfully...
2024-10-29 22:23:59 - INFO - Parsed for  with ...
2024-10-29 22:23:59 - INFO - Chunks parsed sucessfully...
2024-10-29 22:23:59 - INFO - Parsed for  any ...
2024-10-29 22:23:59 - INFO - Chunks parsed sucessfully...
2024-10-29 22:23:59 - INFO - Parsed for  questions ...
2024-10-29 22:23:59 - INFO - Chunks parsed sucessfully...
2024-10-29 22:23:59 - INFO - Parsed for  or ...
2024-10-29 22:23:59 - INFO - Chunks parsed sucessfully...
2024-10-29 22:23:59 - INFO - Parsed for  tasks ...
2024-10-29 22:24:00 - INFO - Chunks parsed sucessfully...
2024-10-29 22:24:00 - INFO - Parsed for  you ...
2024-10-29 22:24:00 - INFO - Chunks parsed sucessfully...
2024-10-29 22:24:00 - INFO - Parsed for  have ...
2024-10-29 22:24:00 - INFO - Chunks parsed sucessfully...
2024-10-29 22:24:00 - INFO - Parsed for . ...
2024-10-29 22:24:00 - INFO - Chunks parsed sucessfully...
2024-10-29 22:24:00 - INFO - Parsed for  What ...
2024-10-29 22:24:00 - INFO - Chunks parsed sucessfully...
2024-10-29 22:24:00 - INFO - Parsed for  can ...
2024-10-29 22:24:00 - INFO - Chunks parsed sucessfully...
2024-10-29 22:24:00 - INFO - Parsed for  I ...
2024-10-29 22:24:00 - INFO - Chunks parsed sucessfully...
2024-10-29 22:24:00 - INFO - Parsed for  do ...
2024-10-29 22:24:00 - INFO - Chunks parsed sucessfully...
2024-10-29 22:24:00 - INFO - Parsed for  for ...
2024-10-29 22:24:00 - INFO - Chunks parsed sucessfully...
2024-10-29 22:24:00 - INFO - Parsed for  you ...
2024-10-29 22:24:00 - INFO - Chunks parsed sucessfully...
2024-10-29 22:24:00 - INFO - Parsed for  today ...
2024-10-29 22:24:00 - INFO - Chunks parsed sucessfully...
2024-10-29 22:24:00 - INFO - Parsed for ? ...
2024-10-29 22:24:00 - INFO - Chunks parsed sucessfully...
2024-10-29 22:24:00 - INFO - Parsed for  ...
2024-10-29 22:24:00 - INFO - All Chunks parsed sucessfully...
2024-10-29 22:24:00 - INFO - Text cleaning started...
2024-10-29 22:24:00 - INFO - Text stripping is done...
2024-10-29 22:24:00 - INFO - Text cleaned successfully...
2024-10-29 22:24:00 - INFO - Output generated successfully...
2024-10-29 22:24:00 - INFO - Response Generated successfully..
2024-10-29 22:24:00 - INFO - 127.0.0.1 - - [29/Oct/2024 22:24:00] "POST /query HTTP/1.1" 200 -
2024-10-29 22:25:03 - INFO - 127.0.0.1 - - [29/Oct/2024 22:25:03] "GET / HTTP/1.1" 200 -
2024-10-29 22:25:06 - INFO - 127.0.0.1 - - [29/Oct/2024 22:25:06] "GET / HTTP/1.1" 200 -
2024-10-29 22:25:07 - INFO - 127.0.0.1 - - [29/Oct/2024 22:25:07] "GET / HTTP/1.1" 200 -
2024-10-29 22:25:18 - INFO - [31m[1mWARNING: This is a development server. Do not use it in a production deployment. Use a production WSGI server instead.[0m
 * Running on all addresses (0.0.0.0)
 * Running on http://127.0.0.1:5000
 * Running on http://192.168.234.47:5000
2024-10-29 22:25:18 - INFO - [33mPress CTRL+C to quit[0m
2024-10-29 22:25:22 - INFO - 127.0.0.1 - - [29/Oct/2024 22:25:22] "GET / HTTP/1.1" 200 -
2024-10-29 22:25:57 - INFO - 127.0.0.1 - - [29/Oct/2024 22:25:57] "POST /api-access HTTP/1.1" 200 -
2024-10-29 22:26:00 - INFO - Calling api ...
2024-10-29 22:26:00 - INFO - TextGenerator successfull with aip = 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 and model = None ..
2024-10-29 22:26:01 - INFO - Client created sucessfully...
2024-10-29 22:26:01 - INFO - create_client successfull ..
2024-10-29 22:26:01 - INFO - HTTP Request: POST https://integrate.api.nvidia.com/v1/chat/completions "HTTP/1.1 401 Unauthorized"
2024-10-29 22:26:01 - INFO - 127.0.0.1 - - [29/Oct/2024 22:26:01] "POST /query HTTP/1.1" 200 -
2024-10-29 22:26:06 - INFO - 127.0.0.1 - - [29/Oct/2024 22:26:06] "GET / HTTP/1.1" 200 -
2024-10-29 22:26:13 - INFO - 127.0.0.1 - - [29/Oct/2024 22:26:13] "POST /api-access HTTP/1.1" 200 -
2024-10-29 22:26:16 - INFO - Calling api ...
2024-10-29 22:26:16 - INFO - TextGenerator successfull with aip = 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 and model = None ..
2024-10-29 22:26:17 - INFO - Client created sucessfully...
2024-10-29 22:26:17 - INFO - create_client successfull ..
2024-10-29 22:26:18 - INFO - HTTP Request: POST https://integrate.api.nvidia.com/v1/chat/completions "HTTP/1.1 200 OK"
2024-10-29 22:26:18 - INFO - Built completion sucessfully...
2024-10-29 22:26:18 - INFO - build_completion successfull ..
2024-10-29 22:26:18 - INFO - Trying to parse chunks...
2024-10-29 22:26:18 - INFO - Chunks parsed sucessfully...
2024-10-29 22:26:18 - INFO - Chunks parsed sucessfully...
2024-10-29 22:26:18 - INFO - Parsed for Hello ...
2024-10-29 22:26:18 - INFO - Chunks parsed sucessfully...
2024-10-29 22:26:18 - INFO - Parsed for ! ...
2024-10-29 22:26:18 - INFO - Chunks parsed sucessfully...
2024-10-29 22:26:18 - INFO - Parsed for  How ...
2024-10-29 22:26:18 - INFO - Chunks parsed sucessfully...
2024-10-29 22:26:18 - INFO - Parsed for  can ...
2024-10-29 22:26:18 - INFO - Chunks parsed sucessfully...
2024-10-29 22:26:18 - INFO - Parsed for  I ...
2024-10-29 22:26:18 - INFO - Chunks parsed sucessfully...
2024-10-29 22:26:18 - INFO - Parsed for  help ...
2024-10-29 22:26:18 - INFO - Chunks parsed sucessfully...
2024-10-29 22:26:18 - INFO - Parsed for  you ...
2024-10-29 22:26:18 - INFO - Chunks parsed sucessfully...
2024-10-29 22:26:18 - INFO - Parsed for  today ...
2024-10-29 22:26:18 - INFO - Chunks parsed sucessfully...
2024-10-29 22:26:18 - INFO - Parsed for ? ...
2024-10-29 22:26:18 - INFO - Chunks parsed sucessfully...
2024-10-29 22:26:18 - INFO - Parsed for  ...
2024-10-29 22:26:18 - INFO - All Chunks parsed sucessfully...
2024-10-29 22:26:18 - INFO - Text cleaning started...
2024-10-29 22:26:18 - INFO - Text stripping is done...
2024-10-29 22:26:18 - INFO - Text cleaned successfully...
2024-10-29 22:26:18 - INFO - Output generated successfully...
2024-10-29 22:26:18 - INFO - Response Generated successfully..
2024-10-29 22:26:18 - INFO - 127.0.0.1 - - [29/Oct/2024 22:26:18] "POST /query HTTP/1.1" 200 -
2024-10-29 22:26:22 - INFO - 127.0.0.1 - - [29/Oct/2024 22:26:22] "GET / HTTP/1.1" 200 -
2024-10-29 22:26:33 - INFO - 127.0.0.1 - - [29/Oct/2024 22:26:33] "POST /api-access HTTP/1.1" 200 -
2024-10-29 22:43:14 - INFO - [31m[1mWARNING: This is a development server. Do not use it in a production deployment. Use a production WSGI server instead.[0m
 * Running on all addresses (0.0.0.0)
 * Running on http://127.0.0.1:5000
 * Running on http://192.168.234.47:5000
2024-10-29 22:43:14 - INFO - [33mPress CTRL+C to quit[0m
2024-10-29 22:43:23 - INFO - 127.0.0.1 - - [29/Oct/2024 22:43:23] "POST /api-access HTTP/1.1" 200 -
2024-10-29 22:43:27 - INFO - 127.0.0.1 - - [29/Oct/2024 22:43:27] "GET / HTTP/1.1" 200 -
2024-10-29 22:43:37 - INFO - 127.0.0.1 - - [29/Oct/2024 22:43:37] "POST /api-access HTTP/1.1" 200 -
