2024-10-29 00:35:53 - INFO - Client created sucessfully...
2024-10-29 00:36:03 - INFO - Retrying request to /chat/completions in 0.376655 seconds
2024-10-29 00:36:04 - INFO - HTTP Request: POST https://integrate.api.nvidia.com/v1/chat/completions "HTTP/1.1 401 Unauthorized"
2024-10-29 00:41:39 - INFO - Client created sucessfully...
2024-10-29 00:41:40 - INFO - HTTP Request: POST https://integrate.api.nvidia.com/v1/chat/completions "HTTP/1.1 200 OK"
2024-10-29 00:41:40 - INFO - Built completion sucessfully...
2024-10-29 00:41:40 - INFO - Trying to parse chunks...
2024-10-29 00:41:40 - INFO - Chunks parsed sucessfully...
2024-10-29 00:41:40 - INFO - Chunks parsed sucessfully...
2024-10-29 00:41:40 - INFO - Parsed for Hello ...
2024-10-29 00:41:40 - INFO - Chunks parsed sucessfully...
2024-10-29 00:41:40 - INFO - Parsed for ! ...
2024-10-29 00:41:40 - INFO - Chunks parsed sucessfully...
2024-10-29 00:41:40 - INFO - Parsed for  I ...
2024-10-29 00:41:40 - INFO - Chunks parsed sucessfully...
2024-10-29 00:41:40 - INFO - Parsed for ' ...
2024-10-29 00:41:40 - INFO - Chunks parsed sucessfully...
2024-10-29 00:41:40 - INFO - Parsed for m ...
2024-10-29 00:41:40 - INFO - Chunks parsed sucessfully...
2024-10-29 00:41:40 - INFO - Parsed for  Ph ...
2024-10-29 00:41:40 - INFO - Chunks parsed sucessfully...
2024-10-29 00:41:40 - INFO - Parsed for i ...
2024-10-29 00:41:40 - INFO - Chunks parsed sucessfully...
2024-10-29 00:41:40 - INFO - Parsed for , ...
2024-10-29 00:41:40 - INFO - Chunks parsed sucessfully...
2024-10-29 00:41:40 - INFO - Parsed for  an ...
2024-10-29 00:41:40 - INFO - Chunks parsed sucessfully...
2024-10-29 00:41:40 - INFO - Parsed for  A ...
2024-10-29 00:41:40 - INFO - Chunks parsed sucessfully...
2024-10-29 00:41:40 - INFO - Parsed for I ...
2024-10-29 00:41:40 - INFO - Chunks parsed sucessfully...
2024-10-29 00:41:40 - INFO - Parsed for  language ...
2024-10-29 00:41:40 - INFO - Chunks parsed sucessfully...
2024-10-29 00:41:40 - INFO - Parsed for  model ...
2024-10-29 00:41:40 - INFO - Chunks parsed sucessfully...
2024-10-29 00:41:40 - INFO - Parsed for . ...
2024-10-29 00:41:40 - INFO - Chunks parsed sucessfully...
2024-10-29 00:41:40 - INFO - Parsed for  How ...
2024-10-29 00:41:40 - INFO - Chunks parsed sucessfully...
2024-10-29 00:41:40 - INFO - Parsed for  can ...
2024-10-29 00:41:40 - INFO - Chunks parsed sucessfully...
2024-10-29 00:41:40 - INFO - Parsed for  I ...
2024-10-29 00:41:40 - INFO - Chunks parsed sucessfully...
2024-10-29 00:41:40 - INFO - Parsed for  help ...
2024-10-29 00:41:40 - INFO - Chunks parsed sucessfully...
2024-10-29 00:41:40 - INFO - Parsed for  you ...
2024-10-29 00:41:40 - INFO - Chunks parsed sucessfully...
2024-10-29 00:41:40 - INFO - Parsed for  today ...
2024-10-29 00:41:40 - INFO - Chunks parsed sucessfully...
2024-10-29 00:41:40 - INFO - Parsed for ? ...
2024-10-29 00:41:40 - INFO - Chunks parsed sucessfully...
2024-10-29 00:41:40 - INFO - Parsed for  ...
2024-10-29 00:41:40 - INFO - All Chunks parsed sucessfully...
2024-10-29 00:41:40 - INFO - Text cleaning started...
2024-10-29 00:41:40 - INFO - Text stripping is done...
2024-10-29 00:41:40 - INFO - Text cleaned successfully...
2024-10-29 00:41:40 - INFO - Output generated successfully...
2024-10-29 00:42:29 - INFO - Client created sucessfully...
2024-10-29 00:42:30 - INFO - HTTP Request: POST https://integrate.api.nvidia.com/v1/chat/completions "HTTP/1.1 200 OK"
2024-10-29 00:42:30 - INFO - Built completion sucessfully...
2024-10-29 00:42:30 - INFO - Trying to parse chunks...
2024-10-29 00:42:30 - INFO - Chunks parsed sucessfully...
2024-10-29 00:42:30 - INFO - Chunks parsed sucessfully...
2024-10-29 00:42:30 - INFO - Parsed for I ...
2024-10-29 00:42:30 - INFO - Chunks parsed sucessfully...
2024-10-29 00:42:30 - INFO - Parsed for ' ...
2024-10-29 00:42:30 - INFO - Chunks parsed sucessfully...
2024-10-29 00:42:30 - INFO - Parsed for m ...
2024-10-29 00:42:30 - INFO - Chunks parsed sucessfully...
2024-10-29 00:42:30 - INFO - Parsed for  Ph ...
2024-10-29 00:42:30 - INFO - Chunks parsed sucessfully...
2024-10-29 00:42:30 - INFO - Parsed for i ...
2024-10-29 00:42:30 - INFO - Chunks parsed sucessfully...
2024-10-29 00:42:30 - INFO - Parsed for , ...
2024-10-29 00:42:30 - INFO - Chunks parsed sucessfully...
2024-10-29 00:42:30 - INFO - Parsed for  an ...
2024-10-29 00:42:30 - INFO - Chunks parsed sucessfully...
2024-10-29 00:42:30 - INFO - Parsed for  A ...
2024-10-29 00:42:30 - INFO - Chunks parsed sucessfully...
2024-10-29 00:42:30 - INFO - Parsed for I ...
2024-10-29 00:42:30 - INFO - Chunks parsed sucessfully...
2024-10-29 00:42:30 - INFO - Parsed for  language ...
2024-10-29 00:42:30 - INFO - Chunks parsed sucessfully...
2024-10-29 00:42:30 - INFO - Parsed for  model ...
2024-10-29 00:42:30 - INFO - Chunks parsed sucessfully...
2024-10-29 00:42:30 - INFO - Parsed for  created ...
2024-10-29 00:42:30 - INFO - Chunks parsed sucessfully...
2024-10-29 00:42:30 - INFO - Parsed for  by ...
2024-10-29 00:42:30 - INFO - Chunks parsed sucessfully...
2024-10-29 00:42:30 - INFO - Parsed for  Microsoft ...
2024-10-29 00:42:30 - INFO - Chunks parsed sucessfully...
2024-10-29 00:42:30 - INFO - Parsed for . ...
2024-10-29 00:42:30 - INFO - Chunks parsed sucessfully...
2024-10-29 00:42:30 - INFO - Parsed for  How ...
2024-10-29 00:42:30 - INFO - Chunks parsed sucessfully...
2024-10-29 00:42:30 - INFO - Parsed for  can ...
2024-10-29 00:42:30 - INFO - Chunks parsed sucessfully...
2024-10-29 00:42:30 - INFO - Parsed for  I ...
2024-10-29 00:42:30 - INFO - Chunks parsed sucessfully...
2024-10-29 00:42:30 - INFO - Parsed for  help ...
2024-10-29 00:42:30 - INFO - Chunks parsed sucessfully...
2024-10-29 00:42:30 - INFO - Parsed for  you ...
2024-10-29 00:42:30 - INFO - Chunks parsed sucessfully...
2024-10-29 00:42:30 - INFO - Parsed for  today ...
2024-10-29 00:42:30 - INFO - Chunks parsed sucessfully...
2024-10-29 00:42:30 - INFO - Parsed for ? ...
2024-10-29 00:42:30 - INFO - Chunks parsed sucessfully...
2024-10-29 00:42:30 - INFO - Parsed for  ...
2024-10-29 00:42:30 - INFO - All Chunks parsed sucessfully...
2024-10-29 00:42:30 - INFO - Text cleaning started...
2024-10-29 00:42:30 - INFO - Text stripping is done...
2024-10-29 00:42:30 - INFO - Text cleaned successfully...
2024-10-29 00:42:30 - INFO - Output generated successfully...
2024-10-29 00:44:02 - INFO - Client created sucessfully...
2024-10-29 00:44:03 - INFO - HTTP Request: POST https://integrate.api.nvidia.com/v1/chat/completions "HTTP/1.1 200 OK"
2024-10-29 00:44:03 - INFO - Built completion sucessfully...
2024-10-29 00:44:03 - INFO - Trying to parse chunks...
2024-10-29 00:44:03 - INFO - Chunks parsed sucessfully...
2024-10-29 00:44:03 - INFO - Chunks parsed sucessfully...
2024-10-29 00:44:03 - INFO - Parsed for Hello ...
2024-10-29 00:44:03 - INFO - Chunks parsed sucessfully...
2024-10-29 00:44:03 - INFO - Parsed for ! ...
2024-10-29 00:44:03 - INFO - Chunks parsed sucessfully...
2024-10-29 00:44:03 - INFO - Parsed for  I ...
2024-10-29 00:44:03 - INFO - Chunks parsed sucessfully...
2024-10-29 00:44:03 - INFO - Parsed for ' ...
2024-10-29 00:44:03 - INFO - Chunks parsed sucessfully...
2024-10-29 00:44:03 - INFO - Parsed for m ...
2024-10-29 00:44:03 - INFO - Chunks parsed sucessfully...
2024-10-29 00:44:03 - INFO - Parsed for  Ph ...
2024-10-29 00:44:03 - INFO - Chunks parsed sucessfully...
2024-10-29 00:44:03 - INFO - Parsed for i ...
2024-10-29 00:44:03 - INFO - Chunks parsed sucessfully...
2024-10-29 00:44:03 - INFO - Parsed for , ...
2024-10-29 00:44:03 - INFO - Chunks parsed sucessfully...
2024-10-29 00:44:03 - INFO - Parsed for  an ...
2024-10-29 00:44:03 - INFO - Chunks parsed sucessfully...
2024-10-29 00:44:03 - INFO - Parsed for  A ...
2024-10-29 00:44:03 - INFO - Chunks parsed sucessfully...
2024-10-29 00:44:03 - INFO - Parsed for I ...
2024-10-29 00:44:03 - INFO - Chunks parsed sucessfully...
2024-10-29 00:44:03 - INFO - Parsed for  language ...
2024-10-29 00:44:03 - INFO - Chunks parsed sucessfully...
2024-10-29 00:44:03 - INFO - Parsed for  model ...
2024-10-29 00:44:03 - INFO - Chunks parsed sucessfully...
2024-10-29 00:44:03 - INFO - Parsed for . ...
2024-10-29 00:44:03 - INFO - Chunks parsed sucessfully...
2024-10-29 00:44:03 - INFO - Parsed for  How ...
2024-10-29 00:44:03 - INFO - Chunks parsed sucessfully...
2024-10-29 00:44:03 - INFO - Parsed for  can ...
2024-10-29 00:44:03 - INFO - Chunks parsed sucessfully...
2024-10-29 00:44:03 - INFO - Parsed for  I ...
2024-10-29 00:44:03 - INFO - Chunks parsed sucessfully...
2024-10-29 00:44:03 - INFO - Parsed for  help ...
2024-10-29 00:44:03 - INFO - Chunks parsed sucessfully...
2024-10-29 00:44:03 - INFO - Parsed for  you ...
2024-10-29 00:44:03 - INFO - Chunks parsed sucessfully...
2024-10-29 00:44:03 - INFO - Parsed for  today ...
2024-10-29 00:44:03 - INFO - Chunks parsed sucessfully...
2024-10-29 00:44:03 - INFO - Parsed for ? ...
2024-10-29 00:44:03 - INFO - Chunks parsed sucessfully...
2024-10-29 00:44:03 - INFO - Parsed for  ...
2024-10-29 00:44:03 - INFO - All Chunks parsed sucessfully...
2024-10-29 00:44:03 - INFO - Text cleaning started...
2024-10-29 00:44:03 - INFO - Text stripping is done...
2024-10-29 00:44:03 - INFO - Text cleaned successfully...
2024-10-29 00:44:03 - INFO - Output generated successfully...
2024-10-29 00:44:36 - INFO - Client created sucessfully...
2024-10-29 00:44:37 - INFO - HTTP Request: POST https://integrate.api.nvidia.com/v1/chat/completions "HTTP/1.1 200 OK"
2024-10-29 00:44:37 - INFO - Built completion sucessfully...
2024-10-29 00:44:37 - INFO - Trying to parse chunks...
2024-10-29 00:44:37 - INFO - Chunks parsed sucessfully...
2024-10-29 00:44:37 - INFO - Chunks parsed sucessfully...
2024-10-29 00:44:37 - INFO - Parsed for I ...
2024-10-29 00:44:37 - INFO - Chunks parsed sucessfully...
2024-10-29 00:44:37 - INFO - Parsed for ' ...
2024-10-29 00:44:37 - INFO - Chunks parsed sucessfully...
2024-10-29 00:44:37 - INFO - Parsed for m ...
2024-10-29 00:44:37 - INFO - Chunks parsed sucessfully...
2024-10-29 00:44:37 - INFO - Parsed for  Ph ...
2024-10-29 00:44:37 - INFO - Chunks parsed sucessfully...
2024-10-29 00:44:37 - INFO - Parsed for i ...
2024-10-29 00:44:37 - INFO - Chunks parsed sucessfully...
2024-10-29 00:44:37 - INFO - Parsed for , ...
2024-10-29 00:44:37 - INFO - Chunks parsed sucessfully...
2024-10-29 00:44:37 - INFO - Parsed for  an ...
2024-10-29 00:44:37 - INFO - Chunks parsed sucessfully...
2024-10-29 00:44:37 - INFO - Parsed for  A ...
2024-10-29 00:44:37 - INFO - Chunks parsed sucessfully...
2024-10-29 00:44:37 - INFO - Parsed for I ...
2024-10-29 00:44:37 - INFO - Chunks parsed sucessfully...
2024-10-29 00:44:37 - INFO - Parsed for  language ...
2024-10-29 00:44:37 - INFO - Chunks parsed sucessfully...
2024-10-29 00:44:37 - INFO - Parsed for  model ...
2024-10-29 00:44:37 - INFO - Chunks parsed sucessfully...
2024-10-29 00:44:37 - INFO - Parsed for . ...
2024-10-29 00:44:37 - INFO - Chunks parsed sucessfully...
2024-10-29 00:44:37 - INFO - Parsed for  I ...
2024-10-29 00:44:37 - INFO - Chunks parsed sucessfully...
2024-10-29 00:44:37 - INFO - Parsed for  don ...
2024-10-29 00:44:37 - INFO - Chunks parsed sucessfully...
2024-10-29 00:44:37 - INFO - Parsed for ' ...
2024-10-29 00:44:37 - INFO - Chunks parsed sucessfully...
2024-10-29 00:44:37 - INFO - Parsed for t ...
2024-10-29 00:44:37 - INFO - Chunks parsed sucessfully...
2024-10-29 00:44:37 - INFO - Parsed for  have ...
2024-10-29 00:44:37 - INFO - Chunks parsed sucessfully...
2024-10-29 00:44:37 - INFO - Parsed for  feelings ...
2024-10-29 00:44:37 - INFO - Chunks parsed sucessfully...
2024-10-29 00:44:37 - INFO - Parsed for , ...
2024-10-29 00:44:37 - INFO - Chunks parsed sucessfully...
2024-10-29 00:44:37 - INFO - Parsed for  but ...
2024-10-29 00:44:37 - INFO - Chunks parsed sucessfully...
2024-10-29 00:44:37 - INFO - Parsed for  I ...
2024-10-29 00:44:37 - INFO - Chunks parsed sucessfully...
2024-10-29 00:44:37 - INFO - Parsed for ' ...
2024-10-29 00:44:37 - INFO - Chunks parsed sucessfully...
2024-10-29 00:44:37 - INFO - Parsed for m ...
2024-10-29 00:44:37 - INFO - Chunks parsed sucessfully...
2024-10-29 00:44:37 - INFO - Parsed for  here ...
2024-10-29 00:44:37 - INFO - Chunks parsed sucessfully...
2024-10-29 00:44:37 - INFO - Parsed for  and ...
2024-10-29 00:44:37 - INFO - Chunks parsed sucessfully...
2024-10-29 00:44:37 - INFO - Parsed for  ready ...
2024-10-29 00:44:37 - INFO - Chunks parsed sucessfully...
2024-10-29 00:44:37 - INFO - Parsed for  to ...
2024-10-29 00:44:37 - INFO - Chunks parsed sucessfully...
2024-10-29 00:44:37 - INFO - Parsed for  help ...
2024-10-29 00:44:37 - INFO - Chunks parsed sucessfully...
2024-10-29 00:44:37 - INFO - Parsed for  you ...
2024-10-29 00:44:37 - INFO - Chunks parsed sucessfully...
2024-10-29 00:44:37 - INFO - Parsed for  with ...
2024-10-29 00:44:37 - INFO - Chunks parsed sucessfully...
2024-10-29 00:44:37 - INFO - Parsed for  any ...
2024-10-29 00:44:37 - INFO - Chunks parsed sucessfully...
2024-10-29 00:44:37 - INFO - Parsed for  questions ...
2024-10-29 00:44:37 - INFO - Chunks parsed sucessfully...
2024-10-29 00:44:37 - INFO - Parsed for  or ...
2024-10-29 00:44:37 - INFO - Chunks parsed sucessfully...
2024-10-29 00:44:37 - INFO - Parsed for  tasks ...
2024-10-29 00:44:37 - INFO - Chunks parsed sucessfully...
2024-10-29 00:44:37 - INFO - Parsed for  you ...
2024-10-29 00:44:37 - INFO - Chunks parsed sucessfully...
2024-10-29 00:44:37 - INFO - Parsed for  have ...
2024-10-29 00:44:37 - INFO - Chunks parsed sucessfully...
2024-10-29 00:44:37 - INFO - Parsed for ! ...
2024-10-29 00:44:37 - INFO - Chunks parsed sucessfully...
2024-10-29 00:44:37 - INFO - Parsed for  How ...
2024-10-29 00:44:37 - INFO - Chunks parsed sucessfully...
2024-10-29 00:44:37 - INFO - Parsed for  can ...
2024-10-29 00:44:37 - INFO - Chunks parsed sucessfully...
2024-10-29 00:44:37 - INFO - Parsed for  I ...
2024-10-29 00:44:38 - INFO - Chunks parsed sucessfully...
2024-10-29 00:44:38 - INFO - Parsed for  assist ...
2024-10-29 00:44:38 - INFO - Chunks parsed sucessfully...
2024-10-29 00:44:38 - INFO - Parsed for  you ...
2024-10-29 00:44:38 - INFO - Chunks parsed sucessfully...
2024-10-29 00:44:38 - INFO - Parsed for  today ...
2024-10-29 00:44:38 - INFO - Chunks parsed sucessfully...
2024-10-29 00:44:38 - INFO - Parsed for ? ...
2024-10-29 00:44:38 - INFO - Chunks parsed sucessfully...
2024-10-29 00:44:38 - INFO - Parsed for  ...
2024-10-29 00:44:38 - INFO - All Chunks parsed sucessfully...
2024-10-29 00:44:38 - INFO - Text cleaning started...
2024-10-29 00:44:38 - INFO - Text stripping is done...
2024-10-29 00:44:38 - INFO - Text cleaned successfully...
2024-10-29 00:44:38 - INFO - Output generated successfully...
2024-10-29 00:44:55 - INFO - Client created sucessfully...
2024-10-29 00:44:55 - INFO - HTTP Request: POST https://integrate.api.nvidia.com/v1/chat/completions "HTTP/1.1 200 OK"
2024-10-29 00:44:55 - INFO - Built completion sucessfully...
2024-10-29 00:44:55 - INFO - Trying to parse chunks...
2024-10-29 00:44:55 - INFO - Chunks parsed sucessfully...
2024-10-29 00:44:55 - INFO - Chunks parsed sucessfully...
2024-10-29 00:44:55 - INFO - Parsed for Hello ...
2024-10-29 00:44:55 - INFO - Chunks parsed sucessfully...
2024-10-29 00:44:55 - INFO - Parsed for ! ...
2024-10-29 00:44:56 - INFO - Chunks parsed sucessfully...
2024-10-29 00:44:56 - INFO - Parsed for  I ...
2024-10-29 00:44:56 - INFO - Chunks parsed sucessfully...
2024-10-29 00:44:56 - INFO - Parsed for ' ...
2024-10-29 00:44:56 - INFO - Chunks parsed sucessfully...
2024-10-29 00:44:56 - INFO - Parsed for m ...
2024-10-29 00:44:56 - INFO - Chunks parsed sucessfully...
2024-10-29 00:44:56 - INFO - Parsed for  Ph ...
2024-10-29 00:44:56 - INFO - Chunks parsed sucessfully...
2024-10-29 00:44:56 - INFO - Parsed for i ...
2024-10-29 00:44:56 - INFO - Chunks parsed sucessfully...
2024-10-29 00:44:56 - INFO - Parsed for , ...
2024-10-29 00:44:56 - INFO - Chunks parsed sucessfully...
2024-10-29 00:44:56 - INFO - Parsed for  an ...
2024-10-29 00:44:56 - INFO - Chunks parsed sucessfully...
2024-10-29 00:44:56 - INFO - Parsed for  A ...
2024-10-29 00:44:56 - INFO - Chunks parsed sucessfully...
2024-10-29 00:44:56 - INFO - Parsed for I ...
2024-10-29 00:44:56 - INFO - Chunks parsed sucessfully...
2024-10-29 00:44:56 - INFO - Parsed for  language ...
2024-10-29 00:44:56 - INFO - Chunks parsed sucessfully...
2024-10-29 00:44:56 - INFO - Parsed for  model ...
2024-10-29 00:44:56 - INFO - Chunks parsed sucessfully...
2024-10-29 00:44:56 - INFO - Parsed for . ...
2024-10-29 00:44:56 - INFO - Chunks parsed sucessfully...
2024-10-29 00:44:56 - INFO - Parsed for  How ...
2024-10-29 00:44:56 - INFO - Chunks parsed sucessfully...
2024-10-29 00:44:56 - INFO - Parsed for  can ...
2024-10-29 00:44:56 - INFO - Chunks parsed sucessfully...
2024-10-29 00:44:56 - INFO - Parsed for  I ...
2024-10-29 00:44:56 - INFO - Chunks parsed sucessfully...
2024-10-29 00:44:56 - INFO - Parsed for  help ...
2024-10-29 00:44:56 - INFO - Chunks parsed sucessfully...
2024-10-29 00:44:56 - INFO - Parsed for  you ...
2024-10-29 00:44:56 - INFO - Chunks parsed sucessfully...
2024-10-29 00:44:56 - INFO - Parsed for  today ...
2024-10-29 00:44:56 - INFO - Chunks parsed sucessfully...
2024-10-29 00:44:56 - INFO - Parsed for ? ...
2024-10-29 00:44:56 - INFO - Chunks parsed sucessfully...
2024-10-29 00:44:56 - INFO - Parsed for  ...
2024-10-29 00:44:56 - INFO - All Chunks parsed sucessfully...
2024-10-29 00:44:56 - INFO - Text cleaning started...
2024-10-29 00:44:56 - INFO - Text stripping is done...
2024-10-29 00:44:56 - INFO - Text cleaned successfully...
2024-10-29 00:44:56 - INFO - Output generated successfully...
2024-10-29 00:45:46 - INFO - Client created sucessfully...
2024-10-29 00:45:47 - INFO - HTTP Request: POST https://integrate.api.nvidia.com/v1/chat/completions "HTTP/1.1 200 OK"
2024-10-29 00:45:47 - INFO - Built completion sucessfully...
2024-10-29 00:45:47 - INFO - Trying to parse chunks...
2024-10-29 00:45:47 - INFO - Chunks parsed sucessfully...
2024-10-29 00:45:47 - INFO - Chunks parsed sucessfully...
2024-10-29 00:45:47 - INFO - Parsed for It ...
2024-10-29 00:45:47 - INFO - Chunks parsed sucessfully...
2024-10-29 00:45:47 - INFO - Parsed for  seems ...
2024-10-29 00:45:47 - INFO - Chunks parsed sucessfully...
2024-10-29 00:45:47 - INFO - Parsed for  like ...
2024-10-29 00:45:47 - INFO - Chunks parsed sucessfully...
2024-10-29 00:45:47 - INFO - Parsed for  you ...
2024-10-29 00:45:47 - INFO - Chunks parsed sucessfully...
2024-10-29 00:45:47 - INFO - Parsed for ' ...
2024-10-29 00:45:47 - INFO - Chunks parsed sucessfully...
2024-10-29 00:45:47 - INFO - Parsed for ve ...
2024-10-29 00:45:47 - INFO - Chunks parsed sucessfully...
2024-10-29 00:45:47 - INFO - Parsed for  provided ...
2024-10-29 00:45:47 - INFO - Chunks parsed sucessfully...
2024-10-29 00:45:47 - INFO - Parsed for  a ...
2024-10-29 00:45:47 - INFO - Chunks parsed sucessfully...
2024-10-29 00:45:47 - INFO - Parsed for  prompt ...
2024-10-29 00:45:47 - INFO - Chunks parsed sucessfully...
2024-10-29 00:45:47 - INFO - Parsed for  without ...
2024-10-29 00:45:47 - INFO - Chunks parsed sucessfully...
2024-10-29 00:45:47 - INFO - Parsed for  a ...
2024-10-29 00:45:47 - INFO - Chunks parsed sucessfully...
2024-10-29 00:45:47 - INFO - Parsed for  specific ...
2024-10-29 00:45:47 - INFO - Chunks parsed sucessfully...
2024-10-29 00:45:47 - INFO - Parsed for  topic ...
2024-10-29 00:45:47 - INFO - Chunks parsed sucessfully...
2024-10-29 00:45:47 - INFO - Parsed for  or ...
2024-10-29 00:45:47 - INFO - Chunks parsed sucessfully...
2024-10-29 00:45:47 - INFO - Parsed for  question ...
2024-10-29 00:45:47 - INFO - Chunks parsed sucessfully...
2024-10-29 00:45:47 - INFO - Parsed for . ...
2024-10-29 00:45:47 - INFO - Chunks parsed sucessfully...
2024-10-29 00:45:47 - INFO - Parsed for  To ...
2024-10-29 00:45:47 - INFO - Chunks parsed sucessfully...
2024-10-29 00:45:47 - INFO - Parsed for  assist ...
2024-10-29 00:45:47 - INFO - Chunks parsed sucessfully...
2024-10-29 00:45:47 - INFO - Parsed for  you ...
2024-10-29 00:45:47 - INFO - Chunks parsed sucessfully...
2024-10-29 00:45:47 - INFO - Parsed for  effectively ...
2024-10-29 00:45:47 - INFO - Chunks parsed sucessfully...
2024-10-29 00:45:47 - INFO - Parsed for , ...
2024-10-29 00:45:47 - INFO - Chunks parsed sucessfully...
2024-10-29 00:45:47 - INFO - Parsed for  could ...
2024-10-29 00:45:47 - INFO - Chunks parsed sucessfully...
2024-10-29 00:45:47 - INFO - Parsed for  you ...
2024-10-29 00:45:47 - INFO - Chunks parsed sucessfully...
2024-10-29 00:45:47 - INFO - Parsed for  please ...
2024-10-29 00:45:47 - INFO - Chunks parsed sucessfully...
2024-10-29 00:45:47 - INFO - Parsed for  provide ...
2024-10-29 00:45:47 - INFO - Chunks parsed sucessfully...
2024-10-29 00:45:47 - INFO - Parsed for  more ...
2024-10-29 00:45:47 - INFO - Chunks parsed sucessfully...
2024-10-29 00:45:47 - INFO - Parsed for  details ...
2024-10-29 00:45:47 - INFO - Chunks parsed sucessfully...
2024-10-29 00:45:47 - INFO - Parsed for  or ...
2024-10-29 00:45:47 - INFO - Chunks parsed sucessfully...
2024-10-29 00:45:47 - INFO - Parsed for  clarify ...
2024-10-29 00:45:48 - INFO - Chunks parsed sucessfully...
2024-10-29 00:45:48 - INFO - Parsed for  what ...
2024-10-29 00:45:48 - INFO - Chunks parsed sucessfully...
2024-10-29 00:45:48 - INFO - Parsed for  you ...
2024-10-29 00:45:48 - INFO - Chunks parsed sucessfully...
2024-10-29 00:45:48 - INFO - Parsed for  would ...
2024-10-29 00:45:48 - INFO - Chunks parsed sucessfully...
2024-10-29 00:45:48 - INFO - Parsed for  like ...
2024-10-29 00:45:48 - INFO - Chunks parsed sucessfully...
2024-10-29 00:45:48 - INFO - Parsed for  to ...
2024-10-29 00:45:48 - INFO - Chunks parsed sucessfully...
2024-10-29 00:45:48 - INFO - Parsed for  know ...
2024-10-29 00:45:48 - INFO - Chunks parsed sucessfully...
2024-10-29 00:45:48 - INFO - Parsed for  or ...
2024-10-29 00:45:48 - INFO - Chunks parsed sucessfully...
2024-10-29 00:45:48 - INFO - Parsed for  discuss ...
2024-10-29 00:45:48 - INFO - Chunks parsed sucessfully...
2024-10-29 00:45:48 - INFO - Parsed for ? ...
2024-10-29 00:45:48 - INFO - Chunks parsed sucessfully...
2024-10-29 00:45:48 - INFO - Parsed for 
 ...
2024-10-29 00:45:48 - INFO - Chunks parsed sucessfully...
2024-10-29 00:45:48 - INFO - Parsed for 
 ...
2024-10-29 00:45:48 - INFO - Chunks parsed sucessfully...
2024-10-29 00:45:48 - INFO - Parsed for Here ...
2024-10-29 00:45:48 - INFO - Chunks parsed sucessfully...
2024-10-29 00:45:48 - INFO - Parsed for  are ...
2024-10-29 00:45:48 - INFO - Chunks parsed sucessfully...
2024-10-29 00:45:48 - INFO - Parsed for  a ...
2024-10-29 00:45:48 - INFO - Chunks parsed sucessfully...
2024-10-29 00:45:48 - INFO - Parsed for  few ...
2024-10-29 00:45:48 - INFO - Chunks parsed sucessfully...
2024-10-29 00:45:48 - INFO - Parsed for  examples ...
2024-10-29 00:45:48 - INFO - Chunks parsed sucessfully...
2024-10-29 00:45:48 - INFO - Parsed for  of ...
2024-10-29 00:45:48 - INFO - Chunks parsed sucessfully...
2024-10-29 00:45:48 - INFO - Parsed for  how ...
2024-10-29 00:45:48 - INFO - Chunks parsed sucessfully...
2024-10-29 00:45:48 - INFO - Parsed for  I ...
2024-10-29 00:45:48 - INFO - Chunks parsed sucessfully...
2024-10-29 00:45:48 - INFO - Parsed for  might ...
2024-10-29 00:45:48 - INFO - Chunks parsed sucessfully...
2024-10-29 00:45:48 - INFO - Parsed for  respond ...
2024-10-29 00:45:48 - INFO - Chunks parsed sucessfully...
2024-10-29 00:45:48 - INFO - Parsed for  based ...
2024-10-29 00:45:48 - INFO - Chunks parsed sucessfully...
2024-10-29 00:45:48 - INFO - Parsed for  on ...
2024-10-29 00:45:48 - INFO - Chunks parsed sucessfully...
2024-10-29 00:45:48 - INFO - Parsed for  different ...
2024-10-29 00:45:48 - INFO - Chunks parsed sucessfully...
2024-10-29 00:45:48 - INFO - Parsed for  topics ...
2024-10-29 00:45:48 - INFO - Chunks parsed sucessfully...
2024-10-29 00:45:48 - INFO - Parsed for : ...
2024-10-29 00:45:48 - INFO - Chunks parsed sucessfully...
2024-10-29 00:45:48 - INFO - Parsed for 
 ...
2024-10-29 00:45:48 - INFO - Chunks parsed sucessfully...
2024-10-29 00:45:48 - INFO - Parsed for 
 ...
2024-10-29 00:45:48 - INFO - Chunks parsed sucessfully...
2024-10-29 00:45:48 - INFO - Parsed for 1 ...
2024-10-29 00:45:48 - INFO - Chunks parsed sucessfully...
2024-10-29 00:45:48 - INFO - Parsed for . ...
2024-10-29 00:45:48 - INFO - Chunks parsed sucessfully...
2024-10-29 00:45:48 - INFO - Parsed for  ** ...
2024-10-29 00:45:48 - INFO - Chunks parsed sucessfully...
2024-10-29 00:45:48 - INFO - Parsed for Math ...
2024-10-29 00:45:48 - INFO - Chunks parsed sucessfully...
2024-10-29 00:45:48 - INFO - Parsed for emat ...
2024-10-29 00:45:48 - INFO - Chunks parsed sucessfully...
2024-10-29 00:45:48 - INFO - Parsed for ics ...
2024-10-29 00:45:48 - INFO - Chunks parsed sucessfully...
2024-10-29 00:45:48 - INFO - Parsed for ** ...
2024-10-29 00:45:48 - INFO - Chunks parsed sucessfully...
2024-10-29 00:45:48 - INFO - Parsed for : ...
2024-10-29 00:45:48 - INFO - Chunks parsed sucessfully...
2024-10-29 00:45:48 - INFO - Parsed for  " ...
2024-10-29 00:45:48 - INFO - Chunks parsed sucessfully...
2024-10-29 00:45:48 - INFO - Parsed for S ...
2024-10-29 00:45:48 - INFO - Chunks parsed sucessfully...
2024-10-29 00:45:48 - INFO - Parsed for ure ...
2024-10-29 00:45:48 - INFO - Chunks parsed sucessfully...
2024-10-29 00:45:48 - INFO - Parsed for ! ...
2024-10-29 00:45:48 - INFO - Chunks parsed sucessfully...
2024-10-29 00:45:48 - INFO - Parsed for  If ...
2024-10-29 00:45:48 - INFO - Chunks parsed sucessfully...
2024-10-29 00:45:48 - INFO - Parsed for  you ...
2024-10-29 00:45:49 - INFO - Chunks parsed sucessfully...
2024-10-29 00:45:49 - INFO - Parsed for ' ...
2024-10-29 00:45:49 - INFO - Chunks parsed sucessfully...
2024-10-29 00:45:49 - INFO - Parsed for re ...
2024-10-29 00:45:49 - INFO - Chunks parsed sucessfully...
2024-10-29 00:45:49 - INFO - Parsed for  looking ...
2024-10-29 00:45:49 - INFO - Chunks parsed sucessfully...
2024-10-29 00:45:49 - INFO - Parsed for  for ...
2024-10-29 00:45:49 - INFO - Chunks parsed sucessfully...
2024-10-29 00:45:49 - INFO - Parsed for  help ...
2024-10-29 00:45:49 - INFO - Chunks parsed sucessfully...
2024-10-29 00:45:49 - INFO - Parsed for  with ...
2024-10-29 00:45:49 - INFO - Chunks parsed sucessfully...
2024-10-29 00:45:49 - INFO - Parsed for  a ...
2024-10-29 00:45:49 - INFO - Chunks parsed sucessfully...
2024-10-29 00:45:49 - INFO - Parsed for  math ...
2024-10-29 00:45:49 - INFO - Chunks parsed sucessfully...
2024-10-29 00:45:49 - INFO - Parsed for  problem ...
2024-10-29 00:45:49 - INFO - Chunks parsed sucessfully...
2024-10-29 00:45:49 - INFO - Parsed for , ...
2024-10-29 00:45:49 - INFO - Chunks parsed sucessfully...
2024-10-29 00:45:49 - INFO - Parsed for  please ...
2024-10-29 00:45:49 - INFO - Chunks parsed sucessfully...
2024-10-29 00:45:49 - INFO - Parsed for  provide ...
2024-10-29 00:45:49 - INFO - Chunks parsed sucessfully...
2024-10-29 00:45:49 - INFO - Parsed for  the ...
2024-10-29 00:45:49 - INFO - Chunks parsed sucessfully...
2024-10-29 00:45:49 - INFO - Parsed for  details ...
2024-10-29 00:45:49 - INFO - Chunks parsed sucessfully...
2024-10-29 00:45:49 - INFO - Parsed for  of ...
2024-10-29 00:45:49 - INFO - Chunks parsed sucessfully...
2024-10-29 00:45:49 - INFO - Parsed for  the ...
2024-10-29 00:45:49 - INFO - Chunks parsed sucessfully...
2024-10-29 00:45:49 - INFO - Parsed for  problem ...
2024-10-29 00:45:49 - INFO - Chunks parsed sucessfully...
2024-10-29 00:45:49 - INFO - Parsed for  you ...
2024-10-29 00:45:49 - INFO - Chunks parsed sucessfully...
2024-10-29 00:45:49 - INFO - Parsed for ' ...
2024-10-29 00:45:49 - INFO - Chunks parsed sucessfully...
2024-10-29 00:45:49 - INFO - Parsed for re ...
2024-10-29 00:45:49 - INFO - Chunks parsed sucessfully...
2024-10-29 00:45:49 - INFO - Parsed for  working ...
2024-10-29 00:45:49 - INFO - Chunks parsed sucessfully...
2024-10-29 00:45:49 - INFO - Parsed for  on ...
2024-10-29 00:45:49 - INFO - Chunks parsed sucessfully...
2024-10-29 00:45:49 - INFO - Parsed for , ...
2024-10-29 00:45:49 - INFO - Chunks parsed sucessfully...
2024-10-29 00:45:49 - INFO - Parsed for  and ...
2024-10-29 00:45:49 - INFO - Chunks parsed sucessfully...
2024-10-29 00:45:49 - INFO - Parsed for  I ...
2024-10-29 00:45:49 - INFO - Chunks parsed sucessfully...
2024-10-29 00:45:49 - INFO - Parsed for ' ...
2024-10-29 00:45:49 - INFO - Chunks parsed sucessfully...
2024-10-29 00:45:49 - INFO - Parsed for ll ...
2024-10-29 00:45:49 - INFO - Chunks parsed sucessfully...
2024-10-29 00:45:49 - INFO - Parsed for  do ...
2024-10-29 00:45:49 - INFO - Chunks parsed sucessfully...
2024-10-29 00:45:49 - INFO - Parsed for  my ...
2024-10-29 00:45:49 - INFO - Chunks parsed sucessfully...
2024-10-29 00:45:49 - INFO - Parsed for  best ...
2024-10-29 00:45:49 - INFO - Chunks parsed sucessfully...
2024-10-29 00:45:49 - INFO - Parsed for  to ...
2024-10-29 00:45:49 - INFO - Chunks parsed sucessfully...
2024-10-29 00:45:49 - INFO - Parsed for  guide ...
2024-10-29 00:45:49 - INFO - Chunks parsed sucessfully...
2024-10-29 00:45:49 - INFO - Parsed for  you ...
2024-10-29 00:45:49 - INFO - Chunks parsed sucessfully...
2024-10-29 00:45:49 - INFO - Parsed for  through ...
2024-10-29 00:45:49 - INFO - Chunks parsed sucessfully...
2024-10-29 00:45:49 - INFO - Parsed for  the ...
2024-10-29 00:45:49 - INFO - Chunks parsed sucessfully...
2024-10-29 00:45:49 - INFO - Parsed for  solution ...
2024-10-29 00:45:49 - INFO - Chunks parsed sucessfully...
2024-10-29 00:45:49 - INFO - Parsed for  process ...
2024-10-29 00:45:49 - INFO - Chunks parsed sucessfully...
2024-10-29 00:45:49 - INFO - Parsed for ." ...
2024-10-29 00:45:49 - INFO - Chunks parsed sucessfully...
2024-10-29 00:45:49 - INFO - Parsed for 
 ...
2024-10-29 00:45:49 - INFO - Chunks parsed sucessfully...
2024-10-29 00:45:49 - INFO - Parsed for 
 ...
2024-10-29 00:45:49 - INFO - Chunks parsed sucessfully...
2024-10-29 00:45:49 - INFO - Parsed for 2 ...
2024-10-29 00:45:49 - INFO - Chunks parsed sucessfully...
2024-10-29 00:45:49 - INFO - Parsed for . ...
2024-10-29 00:45:50 - INFO - Chunks parsed sucessfully...
2024-10-29 00:45:50 - INFO - Parsed for  ** ...
2024-10-29 00:45:50 - INFO - Chunks parsed sucessfully...
2024-10-29 00:45:50 - INFO - Parsed for S ...
2024-10-29 00:45:50 - INFO - Chunks parsed sucessfully...
2024-10-29 00:45:50 - INFO - Parsed for cience ...
2024-10-29 00:45:50 - INFO - Chunks parsed sucessfully...
2024-10-29 00:45:50 - INFO - Parsed for ** ...
2024-10-29 00:45:50 - INFO - Chunks parsed sucessfully...
2024-10-29 00:45:50 - INFO - Parsed for : ...
2024-10-29 00:45:50 - INFO - Chunks parsed sucessfully...
2024-10-29 00:45:50 - INFO - Parsed for  " ...
2024-10-29 00:45:50 - INFO - Chunks parsed sucessfully...
2024-10-29 00:45:50 - INFO - Parsed for Ab ...
2024-10-29 00:45:50 - INFO - Chunks parsed sucessfully...
2024-10-29 00:45:50 - INFO - Parsed for sol ...
2024-10-29 00:45:50 - INFO - Chunks parsed sucessfully...
2024-10-29 00:45:50 - INFO - Parsed for utely ...
2024-10-29 00:45:50 - INFO - Chunks parsed sucessfully...
2024-10-29 00:45:50 - INFO - Parsed for ! ...
2024-10-29 00:45:50 - INFO - Chunks parsed sucessfully...
2024-10-29 00:45:50 - INFO - Parsed for  Fe ...
2024-10-29 00:45:50 - INFO - Chunks parsed sucessfully...
2024-10-29 00:45:50 - INFO - Parsed for el ...
2024-10-29 00:45:50 - INFO - Chunks parsed sucessfully...
2024-10-29 00:45:50 - INFO - Parsed for  free ...
2024-10-29 00:45:50 - INFO - Chunks parsed sucessfully...
2024-10-29 00:45:50 - INFO - Parsed for  to ...
2024-10-29 00:45:50 - INFO - Chunks parsed sucessfully...
2024-10-29 00:45:50 - INFO - Parsed for  ask ...
2024-10-29 00:45:50 - INFO - Chunks parsed sucessfully...
2024-10-29 00:45:50 - INFO - Parsed for  a ...
2024-10-29 00:45:50 - INFO - Chunks parsed sucessfully...
2024-10-29 00:45:50 - INFO - Parsed for  question ...
2024-10-29 00:45:50 - INFO - Chunks parsed sucessfully...
2024-10-29 00:45:50 - INFO - Parsed for  about ...
2024-10-29 00:45:50 - INFO - Chunks parsed sucessfully...
2024-10-29 00:45:50 - INFO - Parsed for  a ...
2024-10-29 00:45:50 - INFO - Chunks parsed sucessfully...
2024-10-29 00:45:50 - INFO - Parsed for  scientific ...
2024-10-29 00:45:50 - INFO - Chunks parsed sucessfully...
2024-10-29 00:45:50 - INFO - Parsed for  concept ...
2024-10-29 00:45:50 - INFO - Chunks parsed sucessfully...
2024-10-29 00:45:50 - INFO - Parsed for , ...
2024-10-29 00:45:50 - INFO - Chunks parsed sucessfully...
2024-10-29 00:45:50 - INFO - Parsed for  and ...
2024-10-29 00:45:50 - INFO - Chunks parsed sucessfully...
2024-10-29 00:45:50 - INFO - Parsed for  I ...
2024-10-29 00:45:50 - INFO - Chunks parsed sucessfully...
2024-10-29 00:45:50 - INFO - Parsed for ' ...
2024-10-29 00:45:50 - INFO - Chunks parsed sucessfully...
2024-10-29 00:45:50 - INFO - Parsed for ll ...
2024-10-29 00:45:50 - INFO - Chunks parsed sucessfully...
2024-10-29 00:45:50 - INFO - Parsed for  provide ...
2024-10-29 00:45:50 - INFO - Chunks parsed sucessfully...
2024-10-29 00:45:50 - INFO - Parsed for  an ...
2024-10-29 00:45:50 - INFO - Chunks parsed sucessfully...
2024-10-29 00:45:50 - INFO - Parsed for  explanation ...
2024-10-29 00:45:50 - INFO - Chunks parsed sucessfully...
2024-10-29 00:45:50 - INFO - Parsed for  or ...
2024-10-29 00:45:50 - INFO - Chunks parsed sucessfully...
2024-10-29 00:45:50 - INFO - Parsed for  further ...
2024-10-29 00:45:50 - INFO - Chunks parsed sucessfully...
2024-10-29 00:45:50 - INFO - Parsed for  information ...
2024-10-29 00:45:50 - INFO - Chunks parsed sucessfully...
2024-10-29 00:45:50 - INFO - Parsed for  on ...
2024-10-29 00:45:50 - INFO - Chunks parsed sucessfully...
2024-10-29 00:45:50 - INFO - Parsed for  the ...
2024-10-29 00:45:50 - INFO - Chunks parsed sucessfully...
2024-10-29 00:45:50 - INFO - Parsed for  topic ...
2024-10-29 00:45:50 - INFO - Chunks parsed sucessfully...
2024-10-29 00:45:50 - INFO - Parsed for ." ...
2024-10-29 00:45:50 - INFO - Chunks parsed sucessfully...
2024-10-29 00:45:50 - INFO - Parsed for 
 ...
2024-10-29 00:45:50 - INFO - Chunks parsed sucessfully...
2024-10-29 00:45:50 - INFO - Parsed for 
 ...
2024-10-29 00:45:50 - INFO - Chunks parsed sucessfully...
2024-10-29 00:45:50 - INFO - Parsed for 3 ...
2024-10-29 00:45:50 - INFO - Chunks parsed sucessfully...
2024-10-29 00:45:50 - INFO - Parsed for . ...
2024-10-29 00:45:50 - INFO - Chunks parsed sucessfully...
2024-10-29 00:45:50 - INFO - Parsed for  ** ...
2024-10-29 00:45:50 - INFO - Chunks parsed sucessfully...
2024-10-29 00:45:50 - INFO - Parsed for History ...
2024-10-29 00:45:51 - INFO - Chunks parsed sucessfully...
2024-10-29 00:45:51 - INFO - Parsed for ** ...
2024-10-29 00:45:51 - INFO - Chunks parsed sucessfully...
2024-10-29 00:45:51 - INFO - Parsed for : ...
2024-10-29 00:45:51 - INFO - Chunks parsed sucessfully...
2024-10-29 00:45:51 - INFO - Parsed for  " ...
2024-10-29 00:45:51 - INFO - Chunks parsed sucessfully...
2024-10-29 00:45:51 - INFO - Parsed for I ...
2024-10-29 00:45:51 - INFO - Chunks parsed sucessfully...
2024-10-29 00:45:51 - INFO - Parsed for ' ...
2024-10-29 00:45:51 - INFO - Chunks parsed sucessfully...
2024-10-29 00:45:51 - INFO - Parsed for d ...
2024-10-29 00:45:51 - INFO - Chunks parsed sucessfully...
2024-10-29 00:45:51 - INFO - Parsed for  be ...
2024-10-29 00:45:51 - INFO - Chunks parsed sucessfully...
2024-10-29 00:45:51 - INFO - Parsed for  glad ...
2024-10-29 00:45:51 - INFO - Chunks parsed sucessfully...
2024-10-29 00:45:51 - INFO - Parsed for  to ...
2024-10-29 00:45:51 - INFO - Chunks parsed sucessfully...
2024-10-29 00:45:51 - INFO - Parsed for  help ...
2024-10-29 00:45:51 - INFO - Chunks parsed sucessfully...
2024-10-29 00:45:51 - INFO - Parsed for  with ...
2024-10-29 00:45:51 - INFO - Chunks parsed sucessfully...
2024-10-29 00:45:51 - INFO - Parsed for  history ...
2024-10-29 00:45:51 - INFO - Chunks parsed sucessfully...
2024-10-29 00:45:51 - INFO - Parsed for . ...
2024-10-29 00:45:51 - INFO - Chunks parsed sucessfully...
2024-10-29 00:45:51 - INFO - Parsed for  Just ...
2024-10-29 00:45:51 - INFO - Chunks parsed sucessfully...
2024-10-29 00:45:51 - INFO - Parsed for  let ...
2024-10-29 00:45:51 - INFO - Chunks parsed sucessfully...
2024-10-29 00:45:51 - INFO - Parsed for  me ...
2024-10-29 00:45:51 - INFO - Chunks parsed sucessfully...
2024-10-29 00:45:51 - INFO - Parsed for  know ...
2024-10-29 00:45:51 - INFO - Chunks parsed sucessfully...
2024-10-29 00:45:51 - INFO - Parsed for  the ...
2024-10-29 00:45:51 - INFO - Chunks parsed sucessfully...
2024-10-29 00:45:51 - INFO - Parsed for  era ...
2024-10-29 00:45:51 - INFO - Chunks parsed sucessfully...
2024-10-29 00:45:51 - INFO - Parsed for , ...
2024-10-29 00:45:51 - INFO - Chunks parsed sucessfully...
2024-10-29 00:45:51 - INFO - Parsed for  event ...
2024-10-29 00:45:51 - INFO - Chunks parsed sucessfully...
2024-10-29 00:45:51 - INFO - Parsed for , ...
2024-10-29 00:45:51 - INFO - Chunks parsed sucessfully...
2024-10-29 00:45:51 - INFO - Parsed for  or ...
2024-10-29 00:45:51 - INFO - Chunks parsed sucessfully...
2024-10-29 00:45:51 - INFO - Parsed for  figure ...
2024-10-29 00:45:51 - INFO - Chunks parsed sucessfully...
2024-10-29 00:45:51 - INFO - Parsed for  you ...
2024-10-29 00:45:51 - INFO - Chunks parsed sucessfully...
2024-10-29 00:45:51 - INFO - Parsed for ' ...
2024-10-29 00:45:51 - INFO - Chunks parsed sucessfully...
2024-10-29 00:45:51 - INFO - Parsed for re ...
2024-10-29 00:45:51 - INFO - Chunks parsed sucessfully...
2024-10-29 00:45:51 - INFO - Parsed for  interested ...
2024-10-29 00:45:51 - INFO - Chunks parsed sucessfully...
2024-10-29 00:45:51 - INFO - Parsed for  in ...
2024-10-29 00:45:51 - INFO - Chunks parsed sucessfully...
2024-10-29 00:45:51 - INFO - Parsed for , ...
2024-10-29 00:45:51 - INFO - Chunks parsed sucessfully...
2024-10-29 00:45:51 - INFO - Parsed for  and ...
2024-10-29 00:45:51 - INFO - Chunks parsed sucessfully...
2024-10-29 00:45:51 - INFO - Parsed for  I ...
2024-10-29 00:45:51 - INFO - Chunks parsed sucessfully...
2024-10-29 00:45:51 - INFO - Parsed for  can ...
2024-10-29 00:45:51 - INFO - Chunks parsed sucessfully...
2024-10-29 00:45:51 - INFO - Parsed for  share ...
2024-10-29 00:45:51 - INFO - Chunks parsed sucessfully...
2024-10-29 00:45:51 - INFO - Parsed for  relevant ...
2024-10-29 00:45:51 - INFO - Chunks parsed sucessfully...
2024-10-29 00:45:51 - INFO - Parsed for  information ...
2024-10-29 00:45:51 - INFO - Chunks parsed sucessfully...
2024-10-29 00:45:51 - INFO - Parsed for ." ...
2024-10-29 00:45:51 - INFO - Chunks parsed sucessfully...
2024-10-29 00:45:51 - INFO - Parsed for 
 ...
2024-10-29 00:45:51 - INFO - Chunks parsed sucessfully...
2024-10-29 00:45:51 - INFO - Parsed for 
 ...
2024-10-29 00:45:51 - INFO - Chunks parsed sucessfully...
2024-10-29 00:45:51 - INFO - Parsed for 4 ...
2024-10-29 00:45:51 - INFO - Chunks parsed sucessfully...
2024-10-29 00:45:51 - INFO - Parsed for . ...
2024-10-29 00:45:51 - INFO - Chunks parsed sucessfully...
2024-10-29 00:45:51 - INFO - Parsed for  ** ...
2024-10-29 00:45:52 - INFO - Chunks parsed sucessfully...
2024-10-29 00:45:52 - INFO - Parsed for Te ...
2024-10-29 00:45:52 - INFO - Chunks parsed sucessfully...
2024-10-29 00:45:52 - INFO - Parsed for chn ...
2024-10-29 00:45:52 - INFO - Chunks parsed sucessfully...
2024-10-29 00:45:52 - INFO - Parsed for ology ...
2024-10-29 00:45:52 - INFO - Chunks parsed sucessfully...
2024-10-29 00:45:52 - INFO - Parsed for ** ...
2024-10-29 00:45:52 - INFO - Chunks parsed sucessfully...
2024-10-29 00:45:52 - INFO - Parsed for : ...
2024-10-29 00:45:52 - INFO - Chunks parsed sucessfully...
2024-10-29 00:45:52 - INFO - Parsed for  " ...
2024-10-29 00:45:52 - INFO - Chunks parsed sucessfully...
2024-10-29 00:45:52 - INFO - Parsed for No ...
2024-10-29 00:45:52 - INFO - Chunks parsed sucessfully...
2024-10-29 00:45:52 - INFO - Parsed for  problem ...
2024-10-29 00:45:52 - INFO - Chunks parsed sucessfully...
2024-10-29 00:45:52 - INFO - Parsed for ! ...
2024-10-29 00:45:52 - INFO - Chunks parsed sucessfully...
2024-10-29 00:45:52 - INFO - Parsed for  If ...
2024-10-29 00:45:52 - INFO - Chunks parsed sucessfully...
2024-10-29 00:45:52 - INFO - Parsed for  you ...
2024-10-29 00:45:52 - INFO - Chunks parsed sucessfully...
2024-10-29 00:45:52 - INFO - Parsed for  have ...
2024-10-29 00:45:52 - INFO - Chunks parsed sucessfully...
2024-10-29 00:45:52 - INFO - Parsed for  a ...
2024-10-29 00:45:52 - INFO - Chunks parsed sucessfully...
2024-10-29 00:45:52 - INFO - Parsed for  question ...
2024-10-29 00:45:52 - INFO - Chunks parsed sucessfully...
2024-10-29 00:45:52 - INFO - Parsed for  about ...
2024-10-29 00:45:52 - INFO - Chunks parsed sucessfully...
2024-10-29 00:45:52 - INFO - Parsed for  technology ...
2024-10-29 00:45:52 - INFO - Chunks parsed sucessfully...
2024-10-29 00:45:52 - INFO - Parsed for , ...
2024-10-29 00:45:52 - INFO - Chunks parsed sucessfully...
2024-10-29 00:45:52 - INFO - Parsed for  software ...
2024-10-29 00:45:52 - INFO - Chunks parsed sucessfully...
2024-10-29 00:45:52 - INFO - Parsed for , ...
2024-10-29 00:45:52 - INFO - Chunks parsed sucessfully...
2024-10-29 00:45:52 - INFO - Parsed for  or ...
2024-10-29 00:45:52 - INFO - Chunks parsed sucessfully...
2024-10-29 00:45:52 - INFO - Parsed for  g ...
2024-10-29 00:45:52 - INFO - Chunks parsed sucessfully...
2024-10-29 00:45:52 - INFO - Parsed for ad ...
2024-10-29 00:45:52 - INFO - Chunks parsed sucessfully...
2024-10-29 00:45:52 - INFO - Parsed for gets ...
2024-10-29 00:45:52 - INFO - Chunks parsed sucessfully...
2024-10-29 00:45:52 - INFO - Parsed for , ...
2024-10-29 00:45:52 - INFO - Chunks parsed sucessfully...
2024-10-29 00:45:52 - INFO - Parsed for  please ...
2024-10-29 00:45:52 - INFO - Chunks parsed sucessfully...
2024-10-29 00:45:52 - INFO - Parsed for  share ...
2024-10-29 00:45:52 - INFO - Chunks parsed sucessfully...
2024-10-29 00:45:52 - INFO - Parsed for  the ...
2024-10-29 00:45:52 - INFO - Chunks parsed sucessfully...
2024-10-29 00:45:52 - INFO - Parsed for  specific ...
2024-10-29 00:45:52 - INFO - Chunks parsed sucessfully...
2024-10-29 00:45:52 - INFO - Parsed for s ...
2024-10-29 00:45:52 - INFO - Chunks parsed sucessfully...
2024-10-29 00:45:52 - INFO - Parsed for , ...
2024-10-29 00:45:52 - INFO - Chunks parsed sucessfully...
2024-10-29 00:45:52 - INFO - Parsed for  and ...
2024-10-29 00:45:52 - INFO - Chunks parsed sucessfully...
2024-10-29 00:45:52 - INFO - Parsed for  I ...
2024-10-29 00:45:52 - INFO - Chunks parsed sucessfully...
2024-10-29 00:45:52 - INFO - Parsed for ' ...
2024-10-29 00:45:52 - INFO - Chunks parsed sucessfully...
2024-10-29 00:45:52 - INFO - Parsed for ll ...
2024-10-29 00:45:52 - INFO - Chunks parsed sucessfully...
2024-10-29 00:45:52 - INFO - Parsed for  offer ...
2024-10-29 00:45:52 - INFO - Chunks parsed sucessfully...
2024-10-29 00:45:52 - INFO - Parsed for  advice ...
2024-10-29 00:45:52 - INFO - Chunks parsed sucessfully...
2024-10-29 00:45:52 - INFO - Parsed for  or ...
2024-10-29 00:45:52 - INFO - Chunks parsed sucessfully...
2024-10-29 00:45:52 - INFO - Parsed for  explan ...
2024-10-29 00:45:52 - INFO - Chunks parsed sucessfully...
2024-10-29 00:45:52 - INFO - Parsed for ations ...
2024-10-29 00:45:52 - INFO - Chunks parsed sucessfully...
2024-10-29 00:45:52 - INFO - Parsed for ." ...
2024-10-29 00:45:52 - INFO - Chunks parsed sucessfully...
2024-10-29 00:45:52 - INFO - Parsed for 
 ...
2024-10-29 00:45:52 - INFO - Chunks parsed sucessfully...
2024-10-29 00:45:52 - INFO - Parsed for 
 ...
2024-10-29 00:45:52 - INFO - Chunks parsed sucessfully...
2024-10-29 00:45:52 - INFO - Parsed for 5 ...
2024-10-29 00:45:53 - INFO - Chunks parsed sucessfully...
2024-10-29 00:45:53 - INFO - Parsed for . ...
2024-10-29 00:45:53 - INFO - Chunks parsed sucessfully...
2024-10-29 00:45:53 - INFO - Parsed for  ** ...
2024-10-29 00:45:53 - INFO - Chunks parsed sucessfully...
2024-10-29 00:45:53 - INFO - Parsed for Language ...
2024-10-29 00:45:53 - INFO - Chunks parsed sucessfully...
2024-10-29 00:45:53 - INFO - Parsed for  Learning ...
2024-10-29 00:45:53 - INFO - Chunks parsed sucessfully...
2024-10-29 00:45:53 - INFO - Parsed for ** ...
2024-10-29 00:45:53 - INFO - Chunks parsed sucessfully...
2024-10-29 00:45:53 - INFO - Parsed for : ...
2024-10-29 00:45:53 - INFO - Chunks parsed sucessfully...
2024-10-29 00:45:53 - INFO - Parsed for  " ...
2024-10-29 00:45:53 - INFO - Chunks parsed sucessfully...
2024-10-29 00:45:53 - INFO - Parsed for Of ...
2024-10-29 00:45:53 - INFO - Chunks parsed sucessfully...
2024-10-29 00:45:53 - INFO - Parsed for  course ...
2024-10-29 00:45:53 - INFO - Chunks parsed sucessfully...
2024-10-29 00:45:53 - INFO - Parsed for ! ...
2024-10-29 00:45:53 - INFO - Chunks parsed sucessfully...
2024-10-29 00:45:53 - INFO - Parsed for  If ...
2024-10-29 00:45:53 - INFO - Chunks parsed sucessfully...
2024-10-29 00:45:53 - INFO - Parsed for  you ...
2024-10-29 00:45:53 - INFO - Chunks parsed sucessfully...
2024-10-29 00:45:53 - INFO - Parsed for ' ...
2024-10-29 00:45:53 - INFO - Chunks parsed sucessfully...
2024-10-29 00:45:53 - INFO - Parsed for re ...
2024-10-29 00:45:53 - INFO - Chunks parsed sucessfully...
2024-10-29 00:45:53 - INFO - Parsed for  learning ...
2024-10-29 00:45:53 - INFO - Chunks parsed sucessfully...
2024-10-29 00:45:53 - INFO - Parsed for  a ...
2024-10-29 00:45:53 - INFO - Chunks parsed sucessfully...
2024-10-29 00:45:53 - INFO - Parsed for  new ...
2024-10-29 00:45:53 - INFO - Chunks parsed sucessfully...
2024-10-29 00:45:53 - INFO - Parsed for  language ...
2024-10-29 00:45:53 - INFO - Chunks parsed sucessfully...
2024-10-29 00:45:53 - INFO - Parsed for , ...
2024-10-29 00:45:53 - INFO - Chunks parsed sucessfully...
2024-10-29 00:45:53 - INFO - Parsed for  I ...
2024-10-29 00:45:53 - INFO - Chunks parsed sucessfully...
2024-10-29 00:45:53 - INFO - Parsed for  can ...
2024-10-29 00:45:53 - INFO - Chunks parsed sucessfully...
2024-10-29 00:45:53 - INFO - Parsed for  help ...
2024-10-29 00:45:53 - INFO - Chunks parsed sucessfully...
2024-10-29 00:45:53 - INFO - Parsed for  with ...
2024-10-29 00:45:53 - INFO - Chunks parsed sucessfully...
2024-10-29 00:45:53 - INFO - Parsed for  grammar ...
2024-10-29 00:45:53 - INFO - Chunks parsed sucessfully...
2024-10-29 00:45:53 - INFO - Parsed for , ...
2024-10-29 00:45:53 - INFO - Chunks parsed sucessfully...
2024-10-29 00:45:53 - INFO - Parsed for  voc ...
2024-10-29 00:45:53 - INFO - Chunks parsed sucessfully...
2024-10-29 00:45:53 - INFO - Parsed for ab ...
2024-10-29 00:45:53 - INFO - Chunks parsed sucessfully...
2024-10-29 00:45:53 - INFO - Parsed for ul ...
2024-10-29 00:45:53 - INFO - Chunks parsed sucessfully...
2024-10-29 00:45:53 - INFO - Parsed for ary ...
2024-10-29 00:45:53 - INFO - Chunks parsed sucessfully...
2024-10-29 00:45:53 - INFO - Parsed for , ...
2024-10-29 00:45:53 - INFO - Chunks parsed sucessfully...
2024-10-29 00:45:53 - INFO - Parsed for  pron ...
2024-10-29 00:45:53 - INFO - Chunks parsed sucessfully...
2024-10-29 00:45:53 - INFO - Parsed for unci ...
2024-10-29 00:45:53 - INFO - Chunks parsed sucessfully...
2024-10-29 00:45:53 - INFO - Parsed for ation ...
2024-10-29 00:45:53 - INFO - Chunks parsed sucessfully...
2024-10-29 00:45:53 - INFO - Parsed for , ...
2024-10-29 00:45:53 - INFO - Chunks parsed sucessfully...
2024-10-29 00:45:53 - INFO - Parsed for  or ...
2024-10-29 00:45:53 - INFO - Chunks parsed sucessfully...
2024-10-29 00:45:53 - INFO - Parsed for  any ...
2024-10-29 00:45:53 - INFO - Chunks parsed sucessfully...
2024-10-29 00:45:53 - INFO - Parsed for  other ...
2024-10-29 00:45:53 - INFO - Chunks parsed sucessfully...
2024-10-29 00:45:53 - INFO - Parsed for  language ...
2024-10-29 00:45:53 - INFO - Chunks parsed sucessfully...
2024-10-29 00:45:53 - INFO - Parsed for - ...
2024-10-29 00:45:53 - INFO - Chunks parsed sucessfully...
2024-10-29 00:45:53 - INFO - Parsed for related ...
2024-10-29 00:45:53 - INFO - Chunks parsed sucessfully...
2024-10-29 00:45:53 - INFO - Parsed for  queries ...
2024-10-29 00:45:53 - INFO - Chunks parsed sucessfully...
2024-10-29 00:45:53 - INFO - Parsed for  you ...
2024-10-29 00:45:54 - INFO - Chunks parsed sucessfully...
2024-10-29 00:45:54 - INFO - Parsed for  might ...
2024-10-29 00:45:54 - INFO - Chunks parsed sucessfully...
2024-10-29 00:45:54 - INFO - Parsed for  have ...
2024-10-29 00:45:54 - INFO - Chunks parsed sucessfully...
2024-10-29 00:45:54 - INFO - Parsed for ." ...
2024-10-29 00:45:54 - INFO - Chunks parsed sucessfully...
2024-10-29 00:45:54 - INFO - Parsed for 
 ...
2024-10-29 00:45:54 - INFO - Chunks parsed sucessfully...
2024-10-29 00:45:54 - INFO - Parsed for 
 ...
2024-10-29 00:45:54 - INFO - Chunks parsed sucessfully...
2024-10-29 00:45:54 - INFO - Parsed for 6 ...
2024-10-29 00:45:54 - INFO - Chunks parsed sucessfully...
2024-10-29 00:45:54 - INFO - Parsed for . ...
2024-10-29 00:45:54 - INFO - Chunks parsed sucessfully...
2024-10-29 00:45:54 - INFO - Parsed for  ** ...
2024-10-29 00:45:54 - INFO - Chunks parsed sucessfully...
2024-10-29 00:45:54 - INFO - Parsed for General ...
2024-10-29 00:45:54 - INFO - Chunks parsed sucessfully...
2024-10-29 00:45:54 - INFO - Parsed for  Know ...
2024-10-29 00:45:54 - INFO - Chunks parsed sucessfully...
2024-10-29 00:45:54 - INFO - Parsed for ledge ...
2024-10-29 00:45:54 - INFO - Chunks parsed sucessfully...
2024-10-29 00:45:54 - INFO - Parsed for ** ...
2024-10-29 00:45:54 - INFO - Chunks parsed sucessfully...
2024-10-29 00:45:54 - INFO - Parsed for : ...
2024-10-29 00:45:54 - INFO - Chunks parsed sucessfully...
2024-10-29 00:45:54 - INFO - Parsed for  " ...
2024-10-29 00:45:54 - INFO - Chunks parsed sucessfully...
2024-10-29 00:45:54 - INFO - Parsed for I ...
2024-10-29 00:45:54 - INFO - Chunks parsed sucessfully...
2024-10-29 00:45:54 - INFO - Parsed for ' ...
2024-10-29 00:45:54 - INFO - Chunks parsed sucessfully...
2024-10-29 00:45:54 - INFO - Parsed for m ...
2024-10-29 00:45:54 - INFO - Chunks parsed sucessfully...
2024-10-29 00:45:54 - INFO - Parsed for  here ...
2024-10-29 00:45:54 - INFO - Chunks parsed sucessfully...
2024-10-29 00:45:54 - INFO - Parsed for  to ...
2024-10-29 00:45:54 - INFO - Chunks parsed sucessfully...
2024-10-29 00:45:54 - INFO - Parsed for  help ...
2024-10-29 00:45:54 - INFO - Chunks parsed sucessfully...
2024-10-29 00:45:54 - INFO - Parsed for  with ...
2024-10-29 00:45:54 - INFO - Chunks parsed sucessfully...
2024-10-29 00:45:54 - INFO - Parsed for  any ...
2024-10-29 00:45:54 - INFO - Chunks parsed sucessfully...
2024-10-29 00:45:54 - INFO - Parsed for  general ...
2024-10-29 00:45:54 - INFO - Chunks parsed sucessfully...
2024-10-29 00:45:54 - INFO - Parsed for  knowledge ...
2024-10-29 00:45:54 - INFO - Chunks parsed sucessfully...
2024-10-29 00:45:54 - INFO - Parsed for  questions ...
2024-10-29 00:45:54 - INFO - Chunks parsed sucessfully...
2024-10-29 00:45:54 - INFO - Parsed for  you ...
2024-10-29 00:45:54 - INFO - Chunks parsed sucessfully...
2024-10-29 00:45:54 - INFO - Parsed for  have ...
2024-10-29 00:45:54 - INFO - Chunks parsed sucessfully...
2024-10-29 00:45:54 - INFO - Parsed for . ...
2024-10-29 00:45:54 - INFO - Chunks parsed sucessfully...
2024-10-29 00:45:54 - INFO - Parsed for  Just ...
2024-10-29 00:45:54 - INFO - Chunks parsed sucessfully...
2024-10-29 00:45:54 - INFO - Parsed for  ask ...
2024-10-29 00:45:54 - INFO - Chunks parsed sucessfully...
2024-10-29 00:45:54 - INFO - Parsed for , ...
2024-10-29 00:45:54 - INFO - Chunks parsed sucessfully...
2024-10-29 00:45:54 - INFO - Parsed for  and ...
2024-10-29 00:45:54 - INFO - Chunks parsed sucessfully...
2024-10-29 00:45:54 - INFO - Parsed for  I ...
2024-10-29 00:45:54 - INFO - Chunks parsed sucessfully...
2024-10-29 00:45:54 - INFO - Parsed for ' ...
2024-10-29 00:45:54 - INFO - Chunks parsed sucessfully...
2024-10-29 00:45:54 - INFO - Parsed for ll ...
2024-10-29 00:45:54 - INFO - Chunks parsed sucessfully...
2024-10-29 00:45:54 - INFO - Parsed for  provide ...
2024-10-29 00:45:54 - INFO - Chunks parsed sucessfully...
2024-10-29 00:45:54 - INFO - Parsed for  you ...
2024-10-29 00:45:54 - INFO - Chunks parsed sucessfully...
2024-10-29 00:45:54 - INFO - Parsed for  with ...
2024-10-29 00:45:54 - INFO - Chunks parsed sucessfully...
2024-10-29 00:45:54 - INFO - Parsed for  the ...
2024-10-29 00:45:54 - INFO - Chunks parsed sucessfully...
2024-10-29 00:45:54 - INFO - Parsed for  information ...
2024-10-29 00:45:54 - INFO - Chunks parsed sucessfully...
2024-10-29 00:45:54 - INFO - Parsed for  you ...
2024-10-29 00:45:54 - INFO - Chunks parsed sucessfully...
2024-10-29 00:45:54 - INFO - Parsed for ' ...
2024-10-29 00:45:55 - INFO - Chunks parsed sucessfully...
2024-10-29 00:45:55 - INFO - Parsed for re ...
2024-10-29 00:45:55 - INFO - Chunks parsed sucessfully...
2024-10-29 00:45:55 - INFO - Parsed for  looking ...
2024-10-29 00:45:55 - INFO - Chunks parsed sucessfully...
2024-10-29 00:45:55 - INFO - Parsed for  for ...
2024-10-29 00:45:55 - INFO - Chunks parsed sucessfully...
2024-10-29 00:45:55 - INFO - Parsed for ." ...
2024-10-29 00:45:55 - INFO - Chunks parsed sucessfully...
2024-10-29 00:45:55 - INFO - Parsed for 
 ...
2024-10-29 00:45:55 - INFO - Chunks parsed sucessfully...
2024-10-29 00:45:55 - INFO - Parsed for 
 ...
2024-10-29 00:45:55 - INFO - Chunks parsed sucessfully...
2024-10-29 00:45:55 - INFO - Parsed for Please ...
2024-10-29 00:45:55 - INFO - Chunks parsed sucessfully...
2024-10-29 00:45:55 - INFO - Parsed for  provide ...
2024-10-29 00:45:55 - INFO - Chunks parsed sucessfully...
2024-10-29 00:45:55 - INFO - Parsed for  a ...
2024-10-29 00:45:55 - INFO - Chunks parsed sucessfully...
2024-10-29 00:45:55 - INFO - Parsed for  more ...
2024-10-29 00:45:55 - INFO - Chunks parsed sucessfully...
2024-10-29 00:45:55 - INFO - Parsed for  specific ...
2024-10-29 00:45:55 - INFO - Chunks parsed sucessfully...
2024-10-29 00:45:55 - INFO - Parsed for  question ...
2024-10-29 00:45:55 - INFO - Chunks parsed sucessfully...
2024-10-29 00:45:55 - INFO - Parsed for  or ...
2024-10-29 00:45:55 - INFO - Chunks parsed sucessfully...
2024-10-29 00:45:55 - INFO - Parsed for  topic ...
2024-10-29 00:45:55 - INFO - Chunks parsed sucessfully...
2024-10-29 00:45:55 - INFO - Parsed for , ...
2024-10-29 00:45:55 - INFO - Chunks parsed sucessfully...
2024-10-29 00:45:55 - INFO - Parsed for  and ...
2024-10-29 00:45:55 - INFO - Chunks parsed sucessfully...
2024-10-29 00:45:55 - INFO - Parsed for  I ...
2024-10-29 00:45:55 - INFO - Chunks parsed sucessfully...
2024-10-29 00:45:55 - INFO - Parsed for ' ...
2024-10-29 00:45:55 - INFO - Chunks parsed sucessfully...
2024-10-29 00:45:55 - INFO - Parsed for ll ...
2024-10-29 00:45:55 - INFO - Chunks parsed sucessfully...
2024-10-29 00:45:55 - INFO - Parsed for  do ...
2024-10-29 00:45:55 - INFO - Chunks parsed sucessfully...
2024-10-29 00:45:55 - INFO - Parsed for  my ...
2024-10-29 00:45:55 - INFO - Chunks parsed sucessfully...
2024-10-29 00:45:55 - INFO - Parsed for  best ...
2024-10-29 00:45:55 - INFO - Chunks parsed sucessfully...
2024-10-29 00:45:55 - INFO - Parsed for  to ...
2024-10-29 00:45:55 - INFO - Chunks parsed sucessfully...
2024-10-29 00:45:55 - INFO - Parsed for  assist ...
2024-10-29 00:45:55 - INFO - Chunks parsed sucessfully...
2024-10-29 00:45:55 - INFO - Parsed for  you ...
2024-10-29 00:45:55 - INFO - Chunks parsed sucessfully...
2024-10-29 00:45:55 - INFO - Parsed for ! ...
2024-10-29 00:45:55 - INFO - Chunks parsed sucessfully...
2024-10-29 00:45:55 - INFO - Parsed for  ...
2024-10-29 00:45:55 - INFO - All Chunks parsed sucessfully...
2024-10-29 00:45:55 - INFO - Text cleaning started...
2024-10-29 00:45:55 - INFO - Text stripping is done...
2024-10-29 00:45:55 - INFO - Text cleaned successfully...
2024-10-29 00:45:55 - INFO - Output generated successfully...
2024-10-29 01:34:21 - INFO - Client created sucessfully...
2024-10-29 01:34:42 - INFO - Retrying request to /chat/completions in 0.430376 seconds
2024-10-29 01:35:02 - INFO - Retrying request to /chat/completions in 0.800329 seconds
2024-10-29 01:39:00 - INFO - Client created sucessfully...
2024-10-29 01:39:21 - INFO - Retrying request to /chat/completions in 0.426120 seconds
2024-10-29 01:39:41 - INFO - Retrying request to /chat/completions in 0.752411 seconds
2024-10-29 01:53:23 - INFO - Client created sucessfully...
2024-10-29 01:53:43 - INFO - Retrying request to /chat/completions in 0.462756 seconds
2024-10-29 01:54:03 - INFO - Client created sucessfully...
2024-10-29 01:54:23 - INFO - Retrying request to /chat/completions in 0.437709 seconds
2024-10-29 01:54:43 - INFO - Retrying request to /chat/completions in 0.953932 seconds
